[ 2017-05-27T10:04:19+08:00 ] 127.0.0.1 /index.php/%7B%7Bx.imgUrl%7D%7D
INFO: [ app_init ] --START--
INFO: Run Behavior\BuildLiteBehavior [ RunTime:0.000014s ]
INFO: [ app_init ] --END-- [ RunTime:0.000377s ]
ERR: 无法加载模块:{{x

[ 2017-05-27T10:05:00+08:00 ] 127.0.0.1 /index.php/%7B%7Bx.imgUrl%7D%7D
INFO: [ app_init ] --START--
INFO: Run Behavior\BuildLiteBehavior [ RunTime:0.000012s ]
INFO: [ app_init ] --END-- [ RunTime:0.000419s ]
ERR: 无法加载模块:{{x

[ 2017-05-27T10:05:03+08:00 ] 127.0.0.1 /index.php/%7B%7Bx.thumbnail_pic_s%7D%7D
INFO: [ app_init ] --START--
INFO: Run Behavior\BuildLiteBehavior [ RunTime:0.000016s ]
INFO: [ app_init ] --END-- [ RunTime:0.000391s ]
ERR: 无法加载模块:{{x

[ 2017-05-27T10:05:09+08:00 ] 127.0.0.1 /index.php/%7B%7Bx.imgUrl%7D%7D
INFO: [ app_init ] --START--
INFO: Run Behavior\BuildLiteBehavior [ RunTime:0.000009s ]
INFO: [ app_init ] --END-- [ RunTime:0.000256s ]
ERR: 无法加载模块:{{x

