[ 2017-05-08T10:11:10+08:00 ] 127.0.0.1 /index.php/%7B%7Bx.imgUrl%7D%7D
INFO: [ app_init ] --START--
INFO: Run Behavior\BuildLiteBehavior [ RunTime:0.000021s ]
INFO: [ app_init ] --END-- [ RunTime:0.000585s ]
ERR: 无法加载模块:{{x

[ 2017-05-08T10:21:50+08:00 ] 127.0.0.1 /index.php/%7B%7Bx.imgUrl%7D%7D
INFO: [ app_init ] --START--
INFO: Run Behavior\BuildLiteBehavior [ RunTime:0.000019s ]
INFO: [ app_init ] --END-- [ RunTime:0.000538s ]
ERR: 无法加载模块:{{x

[ 2017-05-08T10:48:18+08:00 ] 127.0.0.1 /index.php/%7B%7Bx.imgUrl%7D%7D
INFO: [ app_init ] --START--
INFO: Run Behavior\BuildLiteBehavior [ RunTime:0.000020s ]
INFO: [ app_init ] --END-- [ RunTime:0.000536s ]
ERR: 无法加载模块:{{x

[ 2017-05-08T10:49:58+08:00 ] 127.0.0.1 /index.php/%7B%7Bx.imgUrl%7D%7D
INFO: [ app_init ] --START--
INFO: Run Behavior\BuildLiteBehavior [ RunTime:0.000019s ]
INFO: [ app_init ] --END-- [ RunTime:0.000531s ]
ERR: 无法加载模块:{{x

[ 2017-05-08T11:10:28+08:00 ] 127.0.0.1 /index.php/%7B%7Bx.imgUrl%7D%7D
INFO: [ app_init ] --START--
INFO: Run Behavior\BuildLiteBehavior [ RunTime:0.000024s ]
INFO: [ app_init ] --END-- [ RunTime:0.000805s ]
ERR: 无法加载模块:{{x

[ 2017-05-08T11:10:30+08:00 ] 127.0.0.1 /index.php/%7B%7Bx.imgUrl%7D%7D
INFO: [ app_init ] --START--
INFO: Run Behavior\BuildLiteBehavior [ RunTime:0.000017s ]
INFO: [ app_init ] --END-- [ RunTime:0.000514s ]
ERR: 无法加载模块:{{x

[ 2017-05-08T11:10:30+08:00 ] 127.0.0.1 /index.php/%7B%7Bx.imgUrl%7D%7D
INFO: [ app_init ] --START--
INFO: Run Behavior\BuildLiteBehavior [ RunTime:0.000023s ]
INFO: [ app_init ] --END-- [ RunTime:0.000599s ]
ERR: 无法加载模块:{{x

[ 2017-05-08T11:10:34+08:00 ] 127.0.0.1 /index.php/%7B%7Bx.imgUrl%7D%7D
INFO: [ app_init ] --START--
INFO: Run Behavior\BuildLiteBehavior [ RunTime:0.000014s ]
INFO: [ app_init ] --END-- [ RunTime:0.000380s ]
ERR: 无法加载模块:{{x

[ 2017-05-08T11:11:12+08:00 ] 127.0.0.1 /index.php/%7B%7Bx.imgUrl%7D%7D
INFO: [ app_init ] --START--
INFO: Run Behavior\BuildLiteBehavior [ RunTime:0.000013s ]
INFO: [ app_init ] --END-- [ RunTime:0.000375s ]
ERR: 无法加载模块:{{x

[ 2017-05-08T11:11:25+08:00 ] 127.0.0.1 /index.php/%7B%7Bx.imgUrl%7D%7D
INFO: [ app_init ] --START--
INFO: Run Behavior\BuildLiteBehavior [ RunTime:0.000015s ]
INFO: [ app_init ] --END-- [ RunTime:0.000466s ]
ERR: 无法加载模块:{{x

[ 2017-05-08T15:36:16+08:00 ] 127.0.0.1 /index.php/%7B%7Bx.imgUrl%7D%7D
INFO: [ app_init ] --START--
INFO: Run Behavior\BuildLiteBehavior [ RunTime:0.000014s ]
INFO: [ app_init ] --END-- [ RunTime:0.000579s ]
ERR: 无法加载模块:{{x

[ 2017-05-08T15:43:49+08:00 ] 127.0.0.1 /index.php/%7B%7Bx.imgUrl%7D%7D
INFO: [ app_init ] --START--
INFO: Run Behavior\BuildLiteBehavior [ RunTime:0.000014s ]
INFO: [ app_init ] --END-- [ RunTime:0.000371s ]
ERR: 无法加载模块:{{x

