[ 2017-02-11T09:59:35+08:00 ] 127.0.0.1 /index.php/Api/Common/delete
INFO: [ app_init ] --START--
INFO: Run Behavior\BuildLiteBehavior [ RunTime:0.000017s ]
INFO: [ app_init ] --END-- [ RunTime:0.000313s ]
INFO: [ app_begin ] --START--
INFO: Run Behavior\ReadHtmlCacheBehavior [ RunTime:0.000354s ]
INFO: [ app_begin ] --END-- [ RunTime:0.000397s ]
SQL: SHOW COLUMNS FROM `bornkiss_user` [ RunTime:0.0410s ]
SQL: SELECT * FROM `bornkiss_user` WHERE `id` = 57  [ RunTime:0.0009s ]
SQL: DELETE FROM `bornkiss_user` WHERE `id` = 57 [ RunTime:0.0028s ]

[ 2017-02-11T10:00:41+08:00 ] 127.0.0.1 /index.php/Api/Common/delete
INFO: [ app_init ] --START--
INFO: Run Behavior\BuildLiteBehavior [ RunTime:0.000018s ]
INFO: [ app_init ] --END-- [ RunTime:0.000793s ]
INFO: [ app_begin ] --START--
INFO: Run Behavior\ReadHtmlCacheBehavior [ RunTime:0.000509s ]
INFO: [ app_begin ] --END-- [ RunTime:0.000564s ]
SQL: SHOW COLUMNS FROM `bornkiss_user` [ RunTime:0.0413s ]
SQL: SELECT * FROM `bornkiss_user` WHERE `id` = 58  [ RunTime:0.0010s ]
SQL: DELETE FROM `bornkiss_user` WHERE `id` = 58 [ RunTime:0.0008s ]

