[ 2017-04-07T14:37:42+08:00 ] 127.0.0.1 /index.php/Api/Common/delete
INFO: [ app_init ] --START--
INFO: Run Behavior\BuildLiteBehavior [ RunTime:0.000012s ]
INFO: [ app_init ] --END-- [ RunTime:0.000279s ]
INFO: [ app_begin ] --START--
INFO: Run Behavior\ReadHtmlCacheBehavior [ RunTime:0.000592s ]
INFO: [ app_begin ] --END-- [ RunTime:0.000695s ]
SQL: SHOW COLUMNS FROM `bornkiss_user` [ RunTime:0.0122s ]
SQL: SELECT * FROM `bornkiss_user` WHERE `id` = 61  [ RunTime:0.0012s ]
SQL: DELETE FROM `bornkiss_user` WHERE `id` = 61 [ RunTime:0.0011s ]

[ 2017-04-07T14:39:38+08:00 ] 127.0.0.1 /index.php/Api/Common/delete
INFO: [ app_init ] --START--
INFO: Run Behavior\BuildLiteBehavior [ RunTime:0.000017s ]
INFO: [ app_init ] --END-- [ RunTime:0.000433s ]
INFO: [ app_begin ] --START--
INFO: Run Behavior\ReadHtmlCacheBehavior [ RunTime:0.000762s ]
INFO: [ app_begin ] --END-- [ RunTime:0.000829s ]
SQL: SHOW COLUMNS FROM `bornkiss_user` [ RunTime:0.0316s ]
SQL: SELECT * FROM `bornkiss_user` WHERE `id` = 62  [ RunTime:0.0005s ]
SQL: DELETE FROM `bornkiss_user` WHERE `id` = 62 [ RunTime:0.0004s ]

